<?xml version="1.0" encoding="UTF-8"?>
<testsuite xmlns:xsi="http://www.w3.org/2001/XMLSchema-instance" xsi:noNamespaceSchemaLocation="https://maven.apache.org/surefire/maven-surefire-plugin/xsd/surefire-test-report.xsd" version="3.0.2" name="com.erpproject.employer_service.EmployerServiceApplicationTests" time="33.296" tests="1" errors="0" skipped="0" failures="0">
  <properties>
[...]
</properties>
  <testcase name="contextLoads" classname="com.erpproject.employer_service.EmployerServiceApplicationTests" time="0.743">
    <system-out><![CDATA[09:52:08.870 [main] INFO org.springframework.test.context.support.AnnotationConfigContextLoaderUtils -- Could not detect default configuration classes for test class [com.erpproject.employer_service.EmployerServiceApplicationTests]: EmployerServiceApplicationTests does not declare any static, non-private, non-final, nested classes annotated with @Configuration.
09:52:09.117 [main] INFO org.springframework.boot.test.context.SpringBootTestContextBootstrapper -- Found @SpringBootConfiguration com.erpproject.employer_service.EmployerServiceApplication for test class com.erpproject.employer_service.EmployerServiceApplicationTests
09:52:09.713 [main] INFO org.springframework.boot.devtools.restart.RestartApplicationListener -- Restart disabled due to context in which it is running

  .   ____          _            __ _ _
 /\\ / ___'_ __ _ _(_)_ __  __ _ \ \ \ \
( ( )\___ | '_ | '_| | '_ \/ _` | \ \ \ \
 \\/  ___)| |_)| | | | | || (_| |  ) ) ) )
  '  |____| .__|_| |_|_| |_\__, | / / / /
 =========|_|==============|___/=/_/_/_/

 :: Spring Boot ::                (v3.5.7)

2025-11-20T09:52:30.003+01:00  INFO 58856 --- [employer-service] [           main] c.e.e.EmployerServiceApplicationTests    : Starting EmployerServiceApplicationTests using Java 21.0.8 with PID 58856 (started by horssel in /home/horssel/Documents/S1/INF4057_Software_Architecture/Projet_INF4057/mini-erp-rh-microservices-Gestion-employer)
2025-11-20T09:52:30.006+01:00  INFO 58856 --- [employer-service] [           main] c.e.e.EmployerServiceApplicationTests    : No active profile set, falling back to 1 default profile: "default"
2025-11-20T09:52:30.061+01:00  INFO 58856 --- [employer-service] [           main] o.s.c.c.c.ConfigServerConfigDataLoader   : Fetching config from server at : http://localhost:8080
2025-11-20T09:52:30.061+01:00  INFO 58856 --- [employer-service] [           main] o.s.c.c.c.ConfigServerConfigDataLoader   : Located environment: name=employer-service, profiles=[default], label=null, version=17868ba63e5b248ab37ea6d8e504d8a0737feb06, state=
2025-11-20T09:52:31.648+01:00  INFO 58856 --- [employer-service] [           main] .s.d.r.c.RepositoryConfigurationDelegate : Bootstrapping Spring Data JPA repositories in DEFAULT mode.
2025-11-20T09:52:31.920+01:00  INFO 58856 --- [employer-service] [           main] .s.d.r.c.RepositoryConfigurationDelegate : Finished Spring Data repository scanning in 260 ms. Found 4 JPA repository interfaces.
2025-11-20T09:52:32.450+01:00  INFO 58856 --- [employer-service] [           main] o.s.cloud.context.scope.GenericScope     : BeanFactory id=c5dbceef-8de2-3480-82df-e6a861957699
2025-11-20T09:52:33.278+01:00  INFO 58856 --- [employer-service] [           main] o.hibernate.jpa.internal.util.LogHelper  : HHH000204: Processing PersistenceUnitInfo [name: default]
2025-11-20T09:52:33.352+01:00  INFO 58856 --- [employer-service] [           main] org.hibernate.Version                    : HHH000412: Hibernate ORM core version 6.6.33.Final
2025-11-20T09:52:33.441+01:00  INFO 58856 --- [employer-service] [           main] o.h.c.internal.RegionFactoryInitiator    : HHH000026: Second-level cache disabled
2025-11-20T09:52:33.869+01:00  INFO 58856 --- [employer-service] [           main] o.s.o.j.p.SpringPersistenceUnitInfo      : No LoadTimeWeaver setup: ignoring JPA class transformer
2025-11-20T09:52:33.909+01:00  INFO 58856 --- [employer-service] [           main] com.zaxxer.hikari.HikariDataSource       : HikariPool-1 - Starting...
2025-11-20T09:52:34.472+01:00  INFO 58856 --- [employer-service] [           main] com.zaxxer.hikari.pool.HikariPool        : HikariPool-1 - Added connection org.postgresql.jdbc.PgConnection@51aaa9d4
2025-11-20T09:52:34.474+01:00  INFO 58856 --- [employer-service] [           main] com.zaxxer.hikari.HikariDataSource       : HikariPool-1 - Start completed.
2025-11-20T09:52:34.585+01:00  INFO 58856 --- [employer-service] [           main] org.hibernate.orm.connections.pooling    : HHH10001005: Database info:
	Database JDBC URL [Connecting through datasource 'HikariDataSource (HikariPool-1)']
	Database driver: undefined/unknown
	Database version: 18.0
	Autocommit mode: undefined/unknown
	Isolation level: undefined/unknown
	Minimum pool size: undefined/unknown
	Maximum pool size: undefined/unknown
2025-11-20T09:52:36.275+01:00  INFO 58856 --- [employer-service] [           main] o.h.e.t.j.p.i.JtaPlatformInitiator       : HHH000489: No JTA platform available (set 'hibernate.transaction.jta.platform' to enable JTA platform integration)
2025-11-20T09:52:36.505+01:00  INFO 58856 --- [employer-service] [           main] j.LocalContainerEntityManagerFactoryBean : Initialized JPA EntityManagerFactory for persistence unit 'default'
2025-11-20T09:52:37.484+01:00  WARN 58856 --- [employer-service] [           main] JpaBaseConfiguration$JpaWebConfiguration : spring.jpa.open-in-view is enabled by default. Therefore, database queries may be performed during view rendering. Explicitly configure spring.jpa.open-in-view to disable this warning
2025-11-20T09:52:37.568+01:00  INFO 58856 --- [employer-service] [           main] o.s.v.b.OptionalValidatorFactoryBean     : Failed to set up a Bean Validation provider: jakarta.validation.NoProviderFoundException: Unable to create a Configuration, because no Jakarta Bean Validation provider could be found. Add a provider like Hibernate Validator (RI) to your classpath.
2025-11-20T09:52:39.125+01:00  INFO 58856 --- [employer-service] [           main] DiscoveryClientOptionalArgsConfiguration : Eureka HTTP Client uses RestTemplate.
2025-11-20T09:52:39.244+01:00  WARN 58856 --- [employer-service] [           main] iguration$LoadBalancerCaffeineWarnLogger : Spring Cloud LoadBalancer is currently working with the default cache. While this cache implementation is useful for development and tests, it's recommended to use Caffeine cache in production.You can switch to using Caffeine cache, by adding it and org.springframework.cache.caffeine.CaffeineCacheManager to the classpath.
2025-11-20T09:52:39.282+01:00  INFO 58856 --- [employer-service] [           main] o.s.c.n.eureka.InstanceInfoFactory       : Setting initial instance status as: STARTING
2025-11-20T09:52:39.320+01:00  INFO 58856 --- [employer-service] [           main] com.netflix.discovery.DiscoveryClient    : Initializing Eureka in region us-east-1
2025-11-20T09:52:39.327+01:00  INFO 58856 --- [employer-service] [           main] c.n.d.s.r.aws.ConfigClusterResolver      : Resolving eureka endpoints via configuration
2025-11-20T09:52:39.339+01:00  INFO 58856 --- [employer-service] [           main] com.netflix.discovery.DiscoveryClient    : Disable delta property : false
2025-11-20T09:52:39.339+01:00  INFO 58856 --- [employer-service] [           main] com.netflix.discovery.DiscoveryClient    : Single vip registry refresh property : null
2025-11-20T09:52:39.339+01:00  INFO 58856 --- [employer-service] [           main] com.netflix.discovery.DiscoveryClient    : Force full registry fetch : false
2025-11-20T09:52:39.340+01:00  INFO 58856 --- [employer-service] [           main] com.netflix.discovery.DiscoveryClient    : Application is null : false
2025-11-20T09:52:39.340+01:00  INFO 58856 --- [employer-service] [           main] com.netflix.discovery.DiscoveryClient    : Registered Applications size is zero : true
2025-11-20T09:52:39.340+01:00  INFO 58856 --- [employer-service] [           main] com.netflix.discovery.DiscoveryClient    : Application version is -1: true
2025-11-20T09:52:39.340+01:00  INFO 58856 --- [employer-service] [           main] com.netflix.discovery.DiscoveryClient    : Getting all instance registry info from the eureka server
2025-11-20T09:52:39.758+01:00  INFO 58856 --- [employer-service] [           main] com.netflix.discovery.DiscoveryClient    : The response status is 200
2025-11-20T09:52:39.762+01:00  INFO 58856 --- [employer-service] [           main] com.netflix.discovery.DiscoveryClient    : Starting heartbeat executor: renew interval is: 30
2025-11-20T09:52:39.765+01:00  INFO 58856 --- [employer-service] [           main] c.n.discovery.InstanceInfoReplicator     : InstanceInfoReplicator onDemand update allowed rate per min is 4
2025-11-20T09:52:39.767+01:00  INFO 58856 --- [employer-service] [           main] com.netflix.discovery.DiscoveryClient    : Discovery Client initialized at timestamp 1763628759766 with initial instances count: 0
2025-11-20T09:52:39.773+01:00  INFO 58856 --- [employer-service] [           main] o.s.c.n.e.s.EurekaServiceRegistry        : Registering application EMPLOYER-SERVICE with eureka with status UP
2025-11-20T09:52:39.775+01:00  INFO 58856 --- [employer-service] [           main] com.netflix.discovery.DiscoveryClient    : Saw local status change event StatusChangeEvent [timestamp=1763628759775, current=UP, previous=STARTING]
2025-11-20T09:52:39.785+01:00  INFO 58856 --- [employer-service] [foReplicator-%d] com.netflix.discovery.DiscoveryClient    : DiscoveryClient_EMPLOYER-SERVICE/10.146.62.91:employer-service:8085: registering service...
2025-11-20T09:52:39.814+01:00  INFO 58856 --- [employer-service] [           main] c.e.e.EmployerServiceApplicationTests    : Started EmployerServiceApplicationTests in 30.132 seconds (process running for 32.623)
2025-11-20T09:52:39.907+01:00  INFO 58856 --- [employer-service] [foReplicator-%d] com.netflix.discovery.DiscoveryClient    : DiscoveryClient_EMPLOYER-SERVICE/10.146.62.91:employer-service:8085 - registration status: 204
Hibernate: select count(*) from admin a1_0
2025-11-20T09:52:40.800+01:00  INFO 58856 --- [employer-service] [           main] o.s.a.r.c.CachingConnectionFactory       : Attempting to connect to: [localhost:5672]
2025-11-20T09:52:40.884+01:00  INFO 58856 --- [employer-service] [           main] o.s.a.r.c.CachingConnectionFactory       : Created new connection: rabbitConnectionFactory#1cfb59e:0/SimpleConnection@cce77c8 [delegate=amqp://guest@127.0.0.1:5672/, localPort=48644]
Hibernate: insert into users (email,role,tel,user_name,user_password,user_prenom,user_id) values (?,?,?,?,?,?,?)
Hibernate: insert into employer (rh_id,user_id) values (?,?)
Hibernate: insert into rh (user_id) values (?)
Hibernate: insert into admin (user_id) values (?)
Hibernate: update employer set rh_id=? where user_id=?
]]></system-out>
    <system-err><![CDATA[Mockito is currently self-attaching to enable the inline-mock-maker. This will no longer work in future releases of the JDK. Please add Mockito as an agent to your build as described in Mockito's documentation: https://javadoc.io/doc/org.mockito/mockito-core/latest/org.mockito/org/mockito/Mockito.html#0.3
WARNING: A Java agent has been loaded dynamically (/home/horssel/.m2/repository/net/bytebuddy/byte-buddy-agent/1.17.8/byte-buddy-agent-1.17.8.jar)
WARNING: If a serviceability tool is in use, please run with -XX:+EnableDynamicAgentLoading to hide this warning
WARNING: If a serviceability tool is not in use, please run with -Djdk.instrument.traceUsage for more information
WARNING: Dynamic loading of agents will be disallowed by default in a future release
]]></system-err>
  </testcase>
</testsuite>